[INFO ] 2020-11-18 02:14:40.137 [main] LogThis - User 1 successfully logged in
[INFO ] 2020-11-18 04:00:48.270 [main] LogThis - Account 0 successfully created 
[INFO ] 2020-11-18 04:00:48.700 [main] LogThis - Account 0 successfully deleted
[INFO ] 2020-11-18 04:05:57.912 [main] LogThis - Account 0 successfully created 
[INFO ] 2020-11-18 04:05:58.352 [main] LogThis - Account 0 successfully deleted
[INFO ] 2020-11-18 04:05:58.792 [main] LogThis - Account 0 successfully deposited 5.0
[INFO ] 2020-11-18 04:05:59.153 [main] LogThis - Account 0 successfully deleted
[INFO ] 2020-11-18 04:09:29.839 [main] LogThis - Account 0 successfully created 
[INFO ] 2020-11-18 04:09:30.591 [main] LogThis - Account 12 successfully deleted
[INFO ] 2020-11-18 04:09:31.309 [main] LogThis - Account 12 successfully deposited 5.0
[INFO ] 2020-11-18 04:09:31.980 [main] LogThis - Account 12 successfully deleted
[INFO ] 2020-11-18 04:12:05.891 [main] LogThis - Account 0 successfully created 
[INFO ] 2020-11-18 04:12:06.714 [main] LogThis - Account 12 successfully deposited 5.0
[INFO ] 2020-11-18 04:14:08.881 [main] LogThis - Account 0 successfully created 
[INFO ] 2020-11-18 04:14:09.769 [main] LogThis - Account 12 successfully deposited 5.0
[INFO ] 2020-11-18 04:21:29.932 [main] LogThis - Account 0 successfully created 
[INFO ] 2020-11-18 04:21:31.907 [main] LogThis - Account 12 successfully deposited 5.0
[INFO ] 2020-11-18 04:21:33.614 [main] LogThis - Account 12 isActive status was set to false
[INFO ] 2020-11-18 04:23:06.906 [main] LogThis - Account 0 successfully created 
[INFO ] 2020-11-18 04:23:07.767 [main] LogThis - Account 12 successfully withdrew 5.0
[INFO ] 2020-11-18 04:23:08.896 [main] LogThis - Account 12 successfully deposited 5.0
[INFO ] 2020-11-18 04:23:09.959 [main] LogThis - Account 12 isActive status was set to false
[INFO ] 2020-11-18 04:24:09.298 [main] LogThis - Account 0 successfully created 
[INFO ] 2020-11-18 04:24:10.100 [main] LogThis - Account 12 successfully withdrew 5.0
[INFO ] 2020-11-18 04:24:11.763 [main] LogThis - Account 12 successfully deposited 5.0
[INFO ] 2020-11-18 04:24:13.484 [main] LogThis - Account 12 isActive status was set to false
[INFO ] 2020-11-18 04:25:55.935 [main] LogThis - Account 12 successfully created 
[INFO ] 2020-11-18 04:25:58.153 [main] LogThis - Account 12 successfully withdrew 5.0
[INFO ] 2020-11-18 04:25:59.227 [main] LogThis - Account 12 successfully deposited 5.0
[INFO ] 2020-11-18 04:26:00.299 [main] LogThis - Account 12 isActive status was set to false
[INFO ] 2020-11-18 04:42:41.313 [main] LogThis - Account 12 successfully created 
[INFO ] 2020-11-18 04:42:42.472 [main] LogThis - Account 12 successfully withdrew 5.0
[INFO ] 2020-11-18 04:42:43.568 [main] LogThis - Account 12 successfully deposited 5.0
[INFO ] 2020-11-18 04:42:44.696 [main] LogThis - Account 12 isActive status was set to false
